# JRE version: OpenJDK Runtime Environment (8.0_202-b03) (build 1.8.0_202-release-1483-b03)
# Java VM: OpenJDK 64-Bit Server VM (25.202-b03 mixed mode windows-amd64 compressed oops)
Heap:
 PSYoungGen      total 139776K, used 26049K [0x00000000e0000000, 0x00000000eb700000, 0x0000000100000000)
  eden space 128000K, 11% used [0x00000000e0000000,0x00000000e0df6638,0x00000000e7d00000)
  from space 11776K, 99% used [0x00000000e7d00000,0x00000000e887a1a0,0x00000000e8880000)
  to   space 14848K, 0% used [0x00000000ea880000,0x00000000ea880000,0x00000000eb700000)
 ParOldGen       total 38400K, used 20199K [0x00000000a0000000, 0x00000000a2580000, 0x00000000e0000000)
  object space 38400K, 52% used [0x00000000a0000000,0x00000000a13b9df0,0x00000000a2580000)
 Metaspace       used 47736K, capacity 49060K, committed 49280K, reserved 1091584K
  class space    used 6430K, capacity 6771K, committed 6784K, reserved 1048576K
GC Heap History (10 events):
Event: 5.059 GC heap before
{Heap before GC invocations=9 (full 1):
 PSYoungGen      total 71680K, used 64512K [0x00000000e0000000, 0x00000000e9100000, 0x0000000100000000)
  eden space 64512K, 100% used [0x00000000e0000000,0x00000000e3f00000,0x00000000e3f00000)
  from space 7168K, 0% used [0x00000000e3f00000,0x00000000e3f00000,0x00000000e4600000)
  to   space 9728K, 0% used [0x00000000e8780000,0x00000000e8780000,0x00000000e9100000)
 ParOldGen       total 38400K, used 10815K [0x00000000a0000000, 0x00000000a2580000, 0x00000000e0000000)
  object space 38400K, 28% used [0x00000000a0000000,0x00000000a0a8fc58,0x00000000a2580000)
 Metaspace       used 28890K, capacity 29518K, committed 29696K, reserved 1075200K
  class space    used 3897K, capacity 4068K, committed 4096K, reserved 1048576K
Event: 5.067 GC heap after
Heap after GC invocations=9 (full 1):
 PSYoungGen      total 107008K, used 7910K [0x00000000e0000000, 0x00000000e8f80000, 0x0000000100000000)
  eden space 98816K, 0% used [0x00000000e0000000,0x00000000e0000000,0x00000000e6080000)
  from space 8192K, 96% used [0x00000000e8780000,0x00000000e8f39b48,0x00000000e8f80000)
  to   space 10240K, 0% used [0x00000000e7b80000,0x00000000e7b80000,0x00000000e8580000)
 ParOldGen       total 38400K, used 10823K [0x00000000a0000000, 0x00000000a2580000, 0x00000000e0000000)
  object space 38400K, 28% used [0x00000000a0000000,0x00000000a0a91c58,0x00000000a2580000)
 Metaspace       used 28890K, capacity 29518K, committed 29696K, reserved 1075200K
  class space    used 3897K, capacity 4068K, committed 4096K, reserved 1048576K
}
Event: 7.902 GC heap before
{Heap before GC invocations=10 (full 1):
 PSYoungGen      total 107008K, used 106726K [0x00000000e0000000, 0x00000000e8f80000, 0x0000000100000000)
  eden space 98816K, 100% used [0x00000000e0000000,0x00000000e6080000,0x00000000e6080000)
  from space 8192K, 96% used [0x00000000e8780000,0x00000000e8f39b48,0x00000000e8f80000)
  to   space 10240K, 0% used [0x00000000e7b80000,0x00000000e7b80000,0x00000000e8580000)
 ParOldGen       total 38400K, used 10823K [0x00000000a0000000, 0x00000000a2580000, 0x00000000e0000000)
  object space 38400K, 28% used [0x00000000a0000000,0x00000000a0a91c58,0x00000000a2580000)
 Metaspace       used 34036K, capacity 34708K, committed 34944K, reserved 1079296K
  class space    used 4685K, capacity 4883K, committed 4992K, reserved 1048576K
Event: 7.916 GC heap after
Heap after GC invocations=10 (full 1):
 PSYoungGen      total 136704K, used 10232K [0x00000000e0000000, 0x00000000e9480000, 0x0000000100000000)
  eden space 126464K, 0% used [0x00000000e0000000,0x00000000e0000000,0x00000000e7b80000)
  from space 10240K, 99% used [0x00000000e7b80000,0x00000000e857e108,0x00000000e8580000)
  to   space 12288K, 0% used [0x00000000e8880000,0x00000000e8880000,0x00000000e9480000)
 ParOldGen       total 38400K, used 11602K [0x00000000a0000000, 0x00000000a2580000, 0x00000000e0000000)
  object space 38400K, 30% used [0x00000000a0000000,0x00000000a0b549a8,0x00000000a2580000)
 Metaspace       used 34036K, capacity 34708K, committed 34944K, reserved 1079296K
  class space    used 4685K, capacity 4883K, committed 4992K, reserved 1048576K
}
Event: 9.749 GC heap before
{Heap before GC invocations=11 (full 1):
 PSYoungGen      total 136704K, used 28798K [0x00000000e0000000, 0x00000000e9480000, 0x0000000100000000)
  eden space 126464K, 14% used [0x00000000e0000000,0x00000000e1221930,0x00000000e7b80000)
  from space 10240K, 99% used [0x00000000e7b80000,0x00000000e857e108,0x00000000e8580000)
  to   space 12288K, 0% used [0x00000000e8880000,0x00000000e8880000,0x00000000e9480000)
 ParOldGen       total 38400K, used 11602K [0x00000000a0000000, 0x00000000a2580000, 0x00000000e0000000)
  object space 38400K, 30% used [0x00000000a0000000,0x00000000a0b549a8,0x00000000a2580000)
 Metaspace       used 34640K, capacity 35406K, committed 35456K, reserved 1079296K
  class space    used 4776K, capacity 4963K, committed 4992K, reserved 1048576K
Event: 9.766 GC heap after
Heap after GC invocations=11 (full 1):
 PSYoungGen      total 140288K, used 5650K [0x00000000e0000000, 0x00000000eb580000, 0x0000000100000000)
  eden space 128000K, 0% used [0x00000000e0000000,0x00000000e0000000,0x00000000e7d00000)
  from space 12288K, 45% used [0x00000000e8880000,0x00000000e8e049c0,0x00000000e9480000)
  to   space 11776K, 0% used [0x00000000e7d00000,0x00000000e7d00000,0x00000000e8880000)
 ParOldGen       total 38400K, used 14794K [0x00000000a0000000, 0x00000000a2580000, 0x00000000e0000000)
  object space 38400K, 38% used [0x00000000a0000000,0x00000000a0e729b8,0x00000000a2580000)
 Metaspace       used 34640K, capacity 35406K, committed 35456K, reserved 1079296K
  class space    used 4776K, capacity 4963K, committed 4992K, reserved 1048576K
}
Event: 9.766 GC heap before
{Heap before GC invocations=12 (full 2):
 PSYoungGen      total 140288K, used 5650K [0x00000000e0000000, 0x00000000eb580000, 0x0000000100000000)
  eden space 128000K, 0% used [0x00000000e0000000,0x00000000e0000000,0x00000000e7d00000)
  from space 12288K, 45% used [0x00000000e8880000,0x00000000e8e049c0,0x00000000e9480000)
  to   space 11776K, 0% used [0x00000000e7d00000,0x00000000e7d00000,0x00000000e8880000)
 ParOldGen       total 38400K, used 14794K [0x00000000a0000000, 0x00000000a2580000, 0x00000000e0000000)
  object space 38400K, 38% used [0x00000000a0000000,0x00000000a0e729b8,0x00000000a2580000)
 Metaspace       used 34640K, capacity 35406K, committed 35456K, reserved 1079296K
  class space    used 4776K, capacity 4963K, committed 4992K, reserved 1048576K
Event: 9.894 GC heap after
Heap after GC invocations=12 (full 2):
 PSYoungGen      total 140288K, used 0K [0x00000000e0000000, 0x00000000eb580000, 0x0000000100000000)
  eden space 128000K, 0% used [0x00000000e0000000,0x00000000e0000000,0x00000000e7d00000)
  from space 12288K, 0% used [0x00000000e8880000,0x00000000e8880000,0x00000000e9480000)
  to   space 11776K, 0% used [0x00000000e7d00000,0x00000000e7d00000,0x00000000e8880000)
 ParOldGen       total 38400K, used 15744K [0x00000000a0000000, 0x00000000a2580000, 0x00000000e0000000)
  object space 38400K, 41% used [0x00000000a0000000,0x00000000a0f60088,0x00000000a2580000)
 Metaspace       used 34627K, capacity 35364K, committed 35456K, reserved 1079296K
  class space    used 4772K, capacity 4956K, committed 4992K, reserved 1048576K
}
Event: 12.220 GC heap before
{Heap before GC invocations=13 (full 2):
 PSYoungGen      total 140288K, used 128000K [0x00000000e0000000, 0x00000000eb580000, 0x0000000100000000)
  eden space 128000K, 100% used [0x00000000e0000000,0x00000000e7d00000,0x00000000e7d00000)
  from space 12288K, 0% used [0x00000000e8880000,0x00000000e8880000,0x00000000e9480000)
  to   space 11776K, 0% used [0x00000000e7d00000,0x00000000e7d00000,0x00000000e8880000)
 ParOldGen       total 38400K, used 15744K [0x00000000a0000000, 0x00000000a2580000, 0x00000000e0000000)
  object space 38400K, 41% used [0x00000000a0000000,0x00000000a0f60088,0x00000000a2580000)
 Metaspace       used 45678K, capacity 46716K, committed 46976K, reserved 1089536K
  class space    used 6159K, capacity 6455K, committed 6528K, reserved 1048576K
Event: 12.247 GC heap after
Heap after GC invocations=13 (full 2):
 PSYoungGen      total 139776K, used 11752K [0x00000000e0000000, 0x00000000eb700000, 0x0000000100000000)
  eden space 128000K, 0% used [0x00000000e0000000,0x00000000e0000000,0x00000000e7d00000)
  from space 11776K, 99% used [0x00000000e7d00000,0x00000000e887a1a0,0x00000000e8880000)
  to   space 14848K, 0% used [0x00000000ea880000,0x00000000ea880000,0x00000000eb700000)
 ParOldGen       total 38400K, used 20199K [0x00000000a0000000, 0x00000000a2580000, 0x00000000e0000000)
  object space 38400K, 52% used [0x00000000a0000000,0x00000000a13b9df0,0x00000000a2580000)
 Metaspace       used 45678K, capacity 46716K, committed 46976K, reserved 1089536K
  class space    used 6159K, capacity 6455K, committed 6528K, reserved 1048576K
}

