# JRE version: OpenJDK Runtime Environment (8.0_202-b03) (build 1.8.0_202-release-1483-b03)
# Java VM: OpenJDK 64-Bit Server VM (25.202-b03 mixed mode windows-amd64 compressed oops)
Heap:
 PSYoungGen      total 169984K, used 60752K [0x00000000e0000000, 0x00000000edf00000, 0x0000000100000000)
  eden space 150016K, 27% used [0x00000000e0000000,0x00000000e27dab00,0x00000000e9280000)
  from space 19968K, 99% used [0x00000000e9280000,0x00000000ea5f9528,0x00000000ea600000)
  to   space 26624K, 0% used [0x00000000ec500000,0x00000000ec500000,0x00000000edf00000)
 ParOldGen       total 58880K, used 43150K [0x00000000a0000000, 0x00000000a3980000, 0x00000000e0000000)
  object space 58880K, 73% used [0x00000000a0000000,0x00000000a2a239e8,0x00000000a3980000)
 Metaspace       used 66128K, capacity 68098K, committed 68248K, reserved 1107968K
  class space    used 8864K, capacity 9359K, committed 9384K, reserved 1048576K
GC Heap History (10 events):
Event: 11.944 GC heap before
{Heap before GC invocations=14 (full 2):
 PSYoungGen      total 136704K, used 136694K [0x00000000e0000000, 0x00000000eb500000, 0x0000000100000000)
  eden space 123904K, 100% used [0x00000000e0000000,0x00000000e7900000,0x00000000e7900000)
  from space 12800K, 99% used [0x00000000e7900000,0x00000000e857da28,0x00000000e8580000)
  to   space 15360K, 0% used [0x00000000ea600000,0x00000000ea600000,0x00000000eb500000)
 ParOldGen       total 58880K, used 19059K [0x00000000a0000000, 0x00000000a3980000, 0x00000000e0000000)
  object space 58880K, 32% used [0x00000000a0000000,0x00000000a129ccd0,0x00000000a3980000)
 Metaspace       used 55252K, capacity 56762K, committed 56872K, reserved 1097728K
  class space    used 7505K, capacity 7933K, committed 7976K, reserved 1048576K
Event: 11.977 GC heap after
Heap after GC invocations=14 (full 2):
 PSYoungGen      total 165376K, used 15345K [0x00000000e0000000, 0x00000000ebe80000, 0x0000000100000000)
  eden space 150016K, 0% used [0x00000000e0000000,0x00000000e0000000,0x00000000e9280000)
  from space 15360K, 99% used [0x00000000ea600000,0x00000000eb4fc678,0x00000000eb500000)
  to   space 19968K, 0% used [0x00000000e9280000,0x00000000e9280000,0x00000000ea600000)
 ParOldGen       total 58880K, used 25423K [0x00000000a0000000, 0x00000000a3980000, 0x00000000e0000000)
  object space 58880K, 43% used [0x00000000a0000000,0x00000000a18d3cc8,0x00000000a3980000)
 Metaspace       used 55252K, capacity 56762K, committed 56872K, reserved 1097728K
  class space    used 7505K, capacity 7933K, committed 7976K, reserved 1048576K
}
Event: 13.059 GC heap before
{Heap before GC invocations=15 (full 2):
 PSYoungGen      total 165376K, used 55171K [0x00000000e0000000, 0x00000000ebe80000, 0x0000000100000000)
  eden space 150016K, 26% used [0x00000000e0000000,0x00000000e26e47a8,0x00000000e9280000)
  from space 15360K, 99% used [0x00000000ea600000,0x00000000eb4fc678,0x00000000eb500000)
  to   space 19968K, 0% used [0x00000000e9280000,0x00000000e9280000,0x00000000ea600000)
 ParOldGen       total 58880K, used 25423K [0x00000000a0000000, 0x00000000a3980000, 0x00000000e0000000)
  object space 58880K, 43% used [0x00000000a0000000,0x00000000a18d3cc8,0x00000000a3980000)
 Metaspace       used 57529K, capacity 59124K, committed 59160K, reserved 1099776K
  class space    used 7806K, capacity 8196K, committed 8232K, reserved 1048576K
Event: 13.087 GC heap after
Heap after GC invocations=15 (full 2):
 PSYoungGen      total 169984K, used 9914K [0x00000000e0000000, 0x00000000ebe80000, 0x0000000100000000)
  eden space 150016K, 0% used [0x00000000e0000000,0x00000000e0000000,0x00000000e9280000)
  from space 19968K, 49% used [0x00000000e9280000,0x00000000e9c2e900,0x00000000ea600000)
  to   space 15360K, 0% used [0x00000000ea600000,0x00000000ea600000,0x00000000eb500000)
 ParOldGen       total 58880K, used 33622K [0x00000000a0000000, 0x00000000a3980000, 0x00000000e0000000)
  object space 58880K, 57% used [0x00000000a0000000,0x00000000a20d5af0,0x00000000a3980000)
 Metaspace       used 57529K, capacity 59124K, committed 59160K, reserved 1099776K
  class space    used 7806K, capacity 8196K, committed 8232K, reserved 1048576K
}
Event: 13.087 GC heap before
{Heap before GC invocations=16 (full 3):
 PSYoungGen      total 169984K, used 9914K [0x00000000e0000000, 0x00000000ebe80000, 0x0000000100000000)
  eden space 150016K, 0% used [0x00000000e0000000,0x00000000e0000000,0x00000000e9280000)
  from space 19968K, 49% used [0x00000000e9280000,0x00000000e9c2e900,0x00000000ea600000)
  to   space 15360K, 0% used [0x00000000ea600000,0x00000000ea600000,0x00000000eb500000)
 ParOldGen       total 58880K, used 33622K [0x00000000a0000000, 0x00000000a3980000, 0x00000000e0000000)
  object space 58880K, 57% used [0x00000000a0000000,0x00000000a20d5af0,0x00000000a3980000)
 Metaspace       used 57529K, capacity 59124K, committed 59160K, reserved 1099776K
  class space    used 7806K, capacity 8196K, committed 8232K, reserved 1048576K
Event: 13.428 GC heap after
Heap after GC invocations=16 (full 3):
 PSYoungGen      total 169984K, used 0K [0x00000000e0000000, 0x00000000ebe80000, 0x0000000100000000)
  eden space 150016K, 0% used [0x00000000e0000000,0x00000000e0000000,0x00000000e9280000)
  from space 19968K, 0% used [0x00000000e9280000,0x00000000e9280000,0x00000000ea600000)
  to   space 15360K, 0% used [0x00000000ea600000,0x00000000ea600000,0x00000000eb500000)
 ParOldGen       total 58880K, used 32713K [0x00000000a0000000, 0x00000000a3980000, 0x00000000e0000000)
  object space 58880K, 55% used [0x00000000a0000000,0x00000000a1ff27a0,0x00000000a3980000)
 Metaspace       used 57529K, capacity 59124K, committed 59160K, reserved 1099776K
  class space    used 7806K, capacity 8196K, committed 8232K, reserved 1048576K
}
Event: 17.225 GC heap before
{Heap before GC invocations=17 (full 3):
 PSYoungGen      total 169984K, used 150016K [0x00000000e0000000, 0x00000000ebe80000, 0x0000000100000000)
  eden space 150016K, 100% used [0x00000000e0000000,0x00000000e9280000,0x00000000e9280000)
  from space 19968K, 0% used [0x00000000e9280000,0x00000000e9280000,0x00000000ea600000)
  to   space 15360K, 0% used [0x00000000ea600000,0x00000000ea600000,0x00000000eb500000)
 ParOldGen       total 58880K, used 32713K [0x00000000a0000000, 0x00000000a3980000, 0x00000000e0000000)
  object space 58880K, 55% used [0x00000000a0000000,0x00000000a1ff27a0,0x00000000a3980000)
 Metaspace       used 60437K, capacity 62320K, committed 62488K, reserved 1103872K
  class space    used 8184K, capacity 8632K, committed 8744K, reserved 1048576K
Event: 17.245 GC heap after
Heap after GC invocations=17 (full 3):
 PSYoungGen      total 165376K, used 12739K [0x00000000e0000000, 0x00000000ed380000, 0x0000000100000000)
  eden space 150016K, 0% used [0x00000000e0000000,0x00000000e0000000,0x00000000e9280000)
  from space 15360K, 82% used [0x00000000ea600000,0x00000000eb270eb0,0x00000000eb500000)
  to   space 19968K, 0% used [0x00000000e9280000,0x00000000e9280000,0x00000000ea600000)
 ParOldGen       total 58880K, used 32721K [0x00000000a0000000, 0x00000000a3980000, 0x00000000e0000000)
  object space 58880K, 55% used [0x00000000a0000000,0x00000000a1ff47a0,0x00000000a3980000)
 Metaspace       used 60437K, capacity 62320K, committed 62488K, reserved 1103872K
  class space    used 8184K, capacity 8632K, committed 8744K, reserved 1048576K
}
Event: 23.548 GC heap before
{Heap before GC invocations=18 (full 3):
 PSYoungGen      total 165376K, used 162755K [0x00000000e0000000, 0x00000000ed380000, 0x0000000100000000)
  eden space 150016K, 100% used [0x00000000e0000000,0x00000000e9280000,0x00000000e9280000)
  from space 15360K, 82% used [0x00000000ea600000,0x00000000eb270eb0,0x00000000eb500000)
  to   space 19968K, 0% used [0x00000000e9280000,0x00000000e9280000,0x00000000ea600000)
 ParOldGen       total 58880K, used 32721K [0x00000000a0000000, 0x00000000a3980000, 0x00000000e0000000)
  object space 58880K, 55% used [0x00000000a0000000,0x00000000a1ff47a0,0x00000000a3980000)
 Metaspace       used 65642K, capacity 67608K, committed 67736K, reserved 1107968K
  class space    used 8824K, capacity 9321K, committed 9384K, reserved 1048576K
Event: 23.604 GC heap after
Heap after GC invocations=18 (full 3):
 PSYoungGen      total 169984K, used 19941K [0x00000000e0000000, 0x00000000edf00000, 0x0000000100000000)
  eden space 150016K, 0% used [0x00000000e0000000,0x00000000e0000000,0x00000000e9280000)
  from space 19968K, 99% used [0x00000000e9280000,0x00000000ea5f9528,0x00000000ea600000)
  to   space 26624K, 0% used [0x00000000ec500000,0x00000000ec500000,0x00000000edf00000)
 ParOldGen       total 58880K, used 43150K [0x00000000a0000000, 0x00000000a3980000, 0x00000000e0000000)
  object space 58880K, 73% used [0x00000000a0000000,0x00000000a2a239e8,0x00000000a3980000)
 Metaspace       used 65642K, capacity 67608K, committed 67736K, reserved 1107968K
  class space    used 8824K, capacity 9321K, committed 9384K, reserved 1048576K
}

