# JRE version: OpenJDK Runtime Environment (8.0_202-b03) (build 1.8.0_202-release-1483-b03)
# Java VM: OpenJDK 64-Bit Server VM (25.202-b03 mixed mode windows-amd64 compressed oops)
Heap:
 PSYoungGen      total 187904K, used 141785K [0x00000000e0000000, 0x00000000eda00000, 0x0000000100000000)
  eden space 175616K, 73% used [0x00000000e0000000,0x00000000e7ed51c8,0x00000000eab80000)
  from space 12288K, 96% used [0x00000000ece00000,0x00000000ed9a1300,0x00000000eda00000)
  to   space 19456K, 0% used [0x00000000eb400000,0x00000000eb400000,0x00000000ec700000)
 ParOldGen       total 103936K, used 33958K [0x00000000a0000000, 0x00000000a6580000, 0x00000000e0000000)
  object space 103936K, 32% used [0x00000000a0000000,0x00000000a2129b38,0x00000000a6580000)
 Metaspace       used 64362K, capacity 66371K, committed 66520K, reserved 1107968K
  class space    used 8435K, capacity 8876K, committed 8960K, reserved 1048576K
GC Heap History (10 events):
Event: 18.222 GC heap before
{Heap before GC invocations=13 (full 2):
 PSYoungGen      total 126464K, used 123904K [0x00000000e0000000, 0x00000000e9f80000, 0x0000000100000000)
  eden space 123904K, 100% used [0x00000000e0000000,0x00000000e7900000,0x00000000e7900000)
  from space 2560K, 0% used [0x00000000e8500000,0x00000000e8500000,0x00000000e8780000)
  to   space 12288K, 0% used [0x00000000e7900000,0x00000000e7900000,0x00000000e8500000)
 ParOldGen       total 64000K, used 15932K [0x00000000a0000000, 0x00000000a3e80000, 0x00000000e0000000)
  object space 64000K, 24% used [0x00000000a0000000,0x00000000a0f8f3a0,0x00000000a3e80000)
 Metaspace       used 45313K, capacity 46332K, committed 46552K, reserved 1089536K
  class space    used 6103K, capacity 6364K, committed 6400K, reserved 1048576K
Event: 18.256 GC heap after
Heap after GC invocations=13 (full 2):
 PSYoungGen      total 136192K, used 12287K [0x00000000e0000000, 0x00000000eb280000, 0x0000000100000000)
  eden space 123904K, 0% used [0x00000000e0000000,0x00000000e0000000,0x00000000e7900000)
  from space 12288K, 99% used [0x00000000e7900000,0x00000000e84ffc20,0x00000000e8500000)
  to   space 15360K, 0% used [0x00000000ea380000,0x00000000ea380000,0x00000000eb280000)
 ParOldGen       total 64000K, used 19330K [0x00000000a0000000, 0x00000000a3e80000, 0x00000000e0000000)
  object space 64000K, 30% used [0x00000000a0000000,0x00000000a12e0990,0x00000000a3e80000)
 Metaspace       used 45313K, capacity 46332K, committed 46552K, reserved 1089536K
  class space    used 6103K, capacity 6364K, committed 6400K, reserved 1048576K
}
Event: 21.470 GC heap before
{Heap before GC invocations=14 (full 2):
 PSYoungGen      total 136192K, used 136191K [0x00000000e0000000, 0x00000000eb280000, 0x0000000100000000)
  eden space 123904K, 100% used [0x00000000e0000000,0x00000000e7900000,0x00000000e7900000)
  from space 12288K, 99% used [0x00000000e7900000,0x00000000e84ffc20,0x00000000e8500000)
  to   space 15360K, 0% used [0x00000000ea380000,0x00000000ea380000,0x00000000eb280000)
 ParOldGen       total 64000K, used 19330K [0x00000000a0000000, 0x00000000a3e80000, 0x00000000e0000000)
  object space 64000K, 30% used [0x00000000a0000000,0x00000000a12e0990,0x00000000a3e80000)
 Metaspace       used 53369K, capacity 54862K, committed 55000K, reserved 1097728K
  class space    used 7221K, capacity 7571K, committed 7680K, reserved 1048576K
Event: 21.493 GC heap after
Heap after GC invocations=14 (full 2):
 PSYoungGen      total 163328K, used 15337K [0x00000000e0000000, 0x00000000eba00000, 0x0000000100000000)
  eden space 147968K, 0% used [0x00000000e0000000,0x00000000e0000000,0x00000000e9080000)
  from space 15360K, 99% used [0x00000000ea380000,0x00000000eb27a550,0x00000000eb280000)
  to   space 19456K, 0% used [0x00000000e9080000,0x00000000e9080000,0x00000000ea380000)
 ParOldGen       total 64000K, used 25087K [0x00000000a0000000, 0x00000000a3e80000, 0x00000000e0000000)
  object space 64000K, 39% used [0x00000000a0000000,0x00000000a187fce0,0x00000000a3e80000)
 Metaspace       used 53369K, capacity 54862K, committed 55000K, reserved 1097728K
  class space    used 7221K, capacity 7571K, committed 7680K, reserved 1048576K
}
Event: 22.981 GC heap before
{Heap before GC invocations=15 (full 2):
 PSYoungGen      total 163328K, used 62699K [0x00000000e0000000, 0x00000000eba00000, 0x0000000100000000)
  eden space 147968K, 32% used [0x00000000e0000000,0x00000000e2e40a78,0x00000000e9080000)
  from space 15360K, 99% used [0x00000000ea380000,0x00000000eb27a550,0x00000000eb280000)
  to   space 19456K, 0% used [0x00000000e9080000,0x00000000e9080000,0x00000000ea380000)
 ParOldGen       total 64000K, used 25087K [0x00000000a0000000, 0x00000000a3e80000, 0x00000000e0000000)
  object space 64000K, 39% used [0x00000000a0000000,0x00000000a187fce0,0x00000000a3e80000)
 Metaspace       used 57359K, capacity 59021K, committed 59028K, reserved 1099776K
  class space    used 7794K, capacity 8192K, committed 8192K, reserved 1048576K
Event: 23.025 GC heap after
Heap after GC invocations=15 (full 2):
 PSYoungGen      total 167424K, used 4721K [0x00000000e0000000, 0x00000000ee100000, 0x0000000100000000)
  eden space 147968K, 0% used [0x00000000e0000000,0x00000000e0000000,0x00000000e9080000)
  from space 19456K, 24% used [0x00000000e9080000,0x00000000e951c7d8,0x00000000ea380000)
  to   space 19456K, 0% used [0x00000000ece00000,0x00000000ece00000,0x00000000ee100000)
 ParOldGen       total 64000K, used 39997K [0x00000000a0000000, 0x00000000a3e80000, 0x00000000e0000000)
  object space 64000K, 62% used [0x00000000a0000000,0x00000000a270f5e8,0x00000000a3e80000)
 Metaspace       used 57359K, capacity 59021K, committed 59028K, reserved 1099776K
  class space    used 7794K, capacity 8192K, committed 8192K, reserved 1048576K
}
Event: 23.025 GC heap before
{Heap before GC invocations=16 (full 3):
 PSYoungGen      total 167424K, used 4721K [0x00000000e0000000, 0x00000000ee100000, 0x0000000100000000)
  eden space 147968K, 0% used [0x00000000e0000000,0x00000000e0000000,0x00000000e9080000)
  from space 19456K, 24% used [0x00000000e9080000,0x00000000e951c7d8,0x00000000ea380000)
  to   space 19456K, 0% used [0x00000000ece00000,0x00000000ece00000,0x00000000ee100000)
 ParOldGen       total 64000K, used 39997K [0x00000000a0000000, 0x00000000a3e80000, 0x00000000e0000000)
  object space 64000K, 62% used [0x00000000a0000000,0x00000000a270f5e8,0x00000000a3e80000)
 Metaspace       used 57359K, capacity 59021K, committed 59028K, reserved 1099776K
  class space    used 7794K, capacity 8192K, committed 8192K, reserved 1048576K
Event: 23.330 GC heap after
Heap after GC invocations=16 (full 3):
 PSYoungGen      total 167424K, used 0K [0x00000000e0000000, 0x00000000ee100000, 0x0000000100000000)
  eden space 147968K, 0% used [0x00000000e0000000,0x00000000e0000000,0x00000000e9080000)
  from space 19456K, 0% used [0x00000000e9080000,0x00000000e9080000,0x00000000ea380000)
  to   space 19456K, 0% used [0x00000000ece00000,0x00000000ece00000,0x00000000ee100000)
 ParOldGen       total 103936K, used 33950K [0x00000000a0000000, 0x00000000a6580000, 0x00000000e0000000)
  object space 103936K, 32% used [0x00000000a0000000,0x00000000a2127b38,0x00000000a6580000)
 Metaspace       used 57335K, capacity 58959K, committed 59028K, reserved 1099776K
  class space    used 7787K, capacity 8179K, committed 8192K, reserved 1048576K
}
Event: 356.580 GC heap before
{Heap before GC invocations=17 (full 3):
 PSYoungGen      total 167424K, used 147968K [0x00000000e0000000, 0x00000000ee100000, 0x0000000100000000)
  eden space 147968K, 100% used [0x00000000e0000000,0x00000000e9080000,0x00000000e9080000)
  from space 19456K, 0% used [0x00000000e9080000,0x00000000e9080000,0x00000000ea380000)
  to   space 19456K, 0% used [0x00000000ece00000,0x00000000ece00000,0x00000000ee100000)
 ParOldGen       total 103936K, used 33950K [0x00000000a0000000, 0x00000000a6580000, 0x00000000e0000000)
  object space 103936K, 32% used [0x00000000a0000000,0x00000000a2127b38,0x00000000a6580000)
 Metaspace       used 62935K, capacity 64955K, committed 65112K, reserved 1105920K
  class space    used 8275K, capacity 8756K, committed 8832K, reserved 1048576K
Event: 356.600 GC heap after
Heap after GC invocations=17 (full 3):
 PSYoungGen      total 187904K, used 11908K [0x00000000e0000000, 0x00000000eda00000, 0x0000000100000000)
  eden space 175616K, 0% used [0x00000000e0000000,0x00000000e0000000,0x00000000eab80000)
  from space 12288K, 96% used [0x00000000ece00000,0x00000000ed9a1300,0x00000000eda00000)
  to   space 19456K, 0% used [0x00000000eb400000,0x00000000eb400000,0x00000000ec700000)
 ParOldGen       total 103936K, used 33958K [0x00000000a0000000, 0x00000000a6580000, 0x00000000e0000000)
  object space 103936K, 32% used [0x00000000a0000000,0x00000000a2129b38,0x00000000a6580000)
 Metaspace       used 62935K, capacity 64955K, committed 65112K, reserved 1105920K
  class space    used 8275K, capacity 8756K, committed 8832K, reserved 1048576K
}

