# JRE version: OpenJDK Runtime Environment (8.0_202-b03) (build 1.8.0_202-release-1483-b03)
# Java VM: OpenJDK 64-Bit Server VM (25.202-b03 mixed mode windows-amd64 compressed oops)
Heap:
 PSYoungGen      total 244224K, used 52821K [0x00000000e0000000, 0x00000000f0d80000, 0x0000000100000000)
  eden space 218624K, 16% used [0x00000000e0000000,0x00000000e23914d0,0x00000000ed580000)
  from space 25600K, 64% used [0x00000000ef480000,0x00000000f0484030,0x00000000f0d80000)
  to   space 28672K, 0% used [0x00000000ed580000,0x00000000ed580000,0x00000000ef180000)
 ParOldGen       total 96256K, used 51319K [0x00000000a0000000, 0x00000000a5e00000, 0x00000000e0000000)
  object space 96256K, 53% used [0x00000000a0000000,0x00000000a321de88,0x00000000a5e00000)
 Metaspace       used 76693K, capacity 80092K, committed 80384K, reserved 1118208K
  class space    used 10003K, capacity 10674K, committed 10752K, reserved 1048576K
GC Heap History (10 events):
Event: 25.600 GC heap before
{Heap before GC invocations=17 (full 3):
 PSYoungGen      total 168448K, used 151552K [0x00000000e0000000, 0x00000000edc00000, 0x0000000100000000)
  eden space 151552K, 100% used [0x00000000e0000000,0x00000000e9400000,0x00000000e9400000)
  from space 16896K, 0% used [0x00000000e9400000,0x00000000e9400000,0x00000000ea480000)
  to   space 17408K, 0% used [0x00000000ecb00000,0x00000000ecb00000,0x00000000edc00000)
 ParOldGen       total 96256K, used 34037K [0x00000000a0000000, 0x00000000a5e00000, 0x00000000e0000000)
  object space 96256K, 35% used [0x00000000a0000000,0x00000000a213d6b0,0x00000000a5e00000)
 Metaspace       used 65977K, capacity 68366K, committed 68480K, reserved 1107968K
  class space    used 9005K, capacity 9525K, committed 9600K, reserved 1048576K
Event: 25.634 GC heap after
Heap after GC invocations=17 (full 3):
 PSYoungGen      total 196096K, used 14567K [0x00000000e0000000, 0x00000000ed980000, 0x0000000100000000)
  eden space 181248K, 0% used [0x00000000e0000000,0x00000000e0000000,0x00000000eb100000)
  from space 14848K, 98% used [0x00000000ecb00000,0x00000000ed939e00,0x00000000ed980000)
  to   space 18944K, 0% used [0x00000000eb480000,0x00000000eb480000,0x00000000ec700000)
 ParOldGen       total 96256K, used 34045K [0x00000000a0000000, 0x00000000a5e00000, 0x00000000e0000000)
  object space 96256K, 35% used [0x00000000a0000000,0x00000000a213f6b0,0x00000000a5e00000)
 Metaspace       used 65977K, capacity 68366K, committed 68480K, reserved 1107968K
  class space    used 9005K, capacity 9525K, committed 9600K, reserved 1048576K
}
Event: 43.473 GC heap before
{Heap before GC invocations=18 (full 3):
 PSYoungGen      total 196096K, used 195815K [0x00000000e0000000, 0x00000000ed980000, 0x0000000100000000)
  eden space 181248K, 100% used [0x00000000e0000000,0x00000000eb100000,0x00000000eb100000)
  from space 14848K, 98% used [0x00000000ecb00000,0x00000000ed939e00,0x00000000ed980000)
  to   space 18944K, 0% used [0x00000000eb480000,0x00000000eb480000,0x00000000ec700000)
 ParOldGen       total 96256K, used 34045K [0x00000000a0000000, 0x00000000a5e00000, 0x00000000e0000000)
  object space 96256K, 35% used [0x00000000a0000000,0x00000000a213f6b0,0x00000000a5e00000)
 Metaspace       used 67313K, capacity 69638K, committed 69888K, reserved 1110016K
  class space    used 9114K, capacity 9637K, committed 9728K, reserved 1048576K
Event: 43.496 GC heap after
Heap after GC invocations=18 (full 3):
 PSYoungGen      total 203776K, used 11242K [0x00000000e0000000, 0x00000000ef280000, 0x0000000100000000)
  eden space 184832K, 0% used [0x00000000e0000000,0x00000000e0000000,0x00000000eb480000)
  from space 18944K, 59% used [0x00000000eb480000,0x00000000ebf7aad0,0x00000000ec700000)
  to   space 18944K, 0% used [0x00000000ee000000,0x00000000ee000000,0x00000000ef280000)
 ParOldGen       total 96256K, used 34053K [0x00000000a0000000, 0x00000000a5e00000, 0x00000000e0000000)
  object space 96256K, 35% used [0x00000000a0000000,0x00000000a21416b0,0x00000000a5e00000)
 Metaspace       used 67313K, capacity 69638K, committed 69888K, reserved 1110016K
  class space    used 9114K, capacity 9637K, committed 9728K, reserved 1048576K
}
Event: 227.275 GC heap before
{Heap before GC invocations=19 (full 3):
 PSYoungGen      total 203776K, used 196072K [0x00000000e0000000, 0x00000000ef280000, 0x0000000100000000)
  eden space 184832K, 99% used [0x00000000e0000000,0x00000000eb47f600,0x00000000eb480000)
  from space 18944K, 59% used [0x00000000eb480000,0x00000000ebf7aad0,0x00000000ec700000)
  to   space 18944K, 0% used [0x00000000ee000000,0x00000000ee000000,0x00000000ef280000)
 ParOldGen       total 96256K, used 34053K [0x00000000a0000000, 0x00000000a5e00000, 0x00000000e0000000)
  object space 96256K, 35% used [0x00000000a0000000,0x00000000a21416b0,0x00000000a5e00000)
 Metaspace       used 70099K, capacity 72848K, committed 73088K, reserved 1112064K
  class space    used 9392K, capacity 9994K, committed 10112K, reserved 1048576K
Event: 227.394 GC heap after
Heap after GC invocations=19 (full 3):
 PSYoungGen      total 225792K, used 18941K [0x00000000e0000000, 0x00000000ef800000, 0x0000000100000000)
  eden space 206848K, 0% used [0x00000000e0000000,0x00000000e0000000,0x00000000eca00000)
  from space 18944K, 99% used [0x00000000ee000000,0x00000000ef27f508,0x00000000ef280000)
  to   space 22528K, 0% used [0x00000000eca00000,0x00000000eca00000,0x00000000ee000000)
 ParOldGen       total 96256K, used 36375K [0x00000000a0000000, 0x00000000a5e00000, 0x00000000e0000000)
  object space 96256K, 37% used [0x00000000a0000000,0x00000000a2385dc8,0x00000000a5e00000)
 Metaspace       used 70099K, capacity 72848K, committed 73088K, reserved 1112064K
  class space    used 9392K, capacity 9994K, committed 10112K, reserved 1048576K
}
Event: 374.728 GC heap before
{Heap before GC invocations=20 (full 3):
 PSYoungGen      total 225792K, used 225789K [0x00000000e0000000, 0x00000000ef800000, 0x0000000100000000)
  eden space 206848K, 100% used [0x00000000e0000000,0x00000000eca00000,0x00000000eca00000)
  from space 18944K, 99% used [0x00000000ee000000,0x00000000ef27f508,0x00000000ef280000)
  to   space 22528K, 0% used [0x00000000eca00000,0x00000000eca00000,0x00000000ee000000)
 ParOldGen       total 96256K, used 36375K [0x00000000a0000000, 0x00000000a5e00000, 0x00000000e0000000)
  object space 96256K, 37% used [0x00000000a0000000,0x00000000a2385dc8,0x00000000a5e00000)
 Metaspace       used 75910K, capacity 78924K, committed 78976K, reserved 1118208K
  class space    used 9930K, capacity 10573K, committed 10624K, reserved 1048576K
Event: 374.770 GC heap after
Heap after GC invocations=20 (full 3):
 PSYoungGen      total 229376K, used 22497K [0x00000000e0000000, 0x00000000f1080000, 0x0000000100000000)
  eden space 206848K, 0% used [0x00000000e0000000,0x00000000e0000000,0x00000000eca00000)
  from space 22528K, 99% used [0x00000000eca00000,0x00000000edff8638,0x00000000ee000000)
  to   space 28672K, 0% used [0x00000000ef480000,0x00000000ef480000,0x00000000f1080000)
 ParOldGen       total 96256K, used 43842K [0x00000000a0000000, 0x00000000a5e00000, 0x00000000e0000000)
  object space 96256K, 45% used [0x00000000a0000000,0x00000000a2ad0858,0x00000000a5e00000)
 Metaspace       used 75910K, capacity 78924K, committed 78976K, reserved 1118208K
  class space    used 9930K, capacity 10573K, committed 10624K, reserved 1048576K
}
Event: 408.665 GC heap before
{Heap before GC invocations=21 (full 3):
 PSYoungGen      total 229376K, used 229345K [0x00000000e0000000, 0x00000000f1080000, 0x0000000100000000)
  eden space 206848K, 100% used [0x00000000e0000000,0x00000000eca00000,0x00000000eca00000)
  from space 22528K, 99% used [0x00000000eca00000,0x00000000edff8638,0x00000000ee000000)
  to   space 28672K, 0% used [0x00000000ef480000,0x00000000ef480000,0x00000000f1080000)
 ParOldGen       total 96256K, used 43842K [0x00000000a0000000, 0x00000000a5e00000, 0x00000000e0000000)
  object space 96256K, 45% used [0x00000000a0000000,0x00000000a2ad0858,0x00000000a5e00000)
 Metaspace       used 76651K, capacity 80086K, committed 80384K, reserved 1118208K
  class space    used 10003K, capacity 10673K, committed 10752K, reserved 1048576K
Event: 408.699 GC heap after
Heap after GC invocations=21 (full 3):
 PSYoungGen      total 244224K, used 16400K [0x00000000e0000000, 0x00000000f0d80000, 0x0000000100000000)
  eden space 218624K, 0% used [0x00000000e0000000,0x00000000e0000000,0x00000000ed580000)
  from space 25600K, 64% used [0x00000000ef480000,0x00000000f0484030,0x00000000f0d80000)
  to   space 28672K, 0% used [0x00000000ed580000,0x00000000ed580000,0x00000000ef180000)
 ParOldGen       total 96256K, used 51319K [0x00000000a0000000, 0x00000000a5e00000, 0x00000000e0000000)
  object space 96256K, 53% used [0x00000000a0000000,0x00000000a321de88,0x00000000a5e00000)
 Metaspace       used 76651K, capacity 80086K, committed 80384K, reserved 1118208K
  class space    used 10003K, capacity 10673K, committed 10752K, reserved 1048576K
}

