# JRE version: OpenJDK Runtime Environment (8.0_202-b03) (build 1.8.0_202-release-1483-b03)
# Java VM: OpenJDK 64-Bit Server VM (25.202-b03 mixed mode windows-amd64 compressed oops)
Heap:
 PSYoungGen      total 136704K, used 109354K [0x00000000e0000000, 0x00000000eaa80000, 0x0000000100000000)
  eden space 123904K, 88% used [0x00000000e0000000,0x00000000e6aca8e8,0x00000000e7900000)
  from space 12800K, 0% used [0x00000000e7900000,0x00000000e7900000,0x00000000e8580000)
  to   space 12288K, 0% used [0x00000000e9e80000,0x00000000e9e80000,0x00000000eaa80000)
 ParOldGen       total 59392K, used 19539K [0x00000000a0000000, 0x00000000a3a00000, 0x00000000e0000000)
  object space 59392K, 32% used [0x00000000a0000000,0x00000000a1314ff0,0x00000000a3a00000)
 Metaspace       used 47623K, capacity 48828K, committed 49064K, reserved 1093632K
  class space    used 6426K, capacity 6740K, committed 6824K, reserved 1048576K
GC Heap History (10 events):
Event: 6.906 GC heap before
{Heap before GC invocations=10 (full 1):
 PSYoungGen      total 104448K, used 104121K [0x00000000e0000000, 0x00000000e8f80000, 0x0000000100000000)
  eden space 96256K, 100% used [0x00000000e0000000,0x00000000e5e00000,0x00000000e5e00000)
  from space 8192K, 96% used [0x00000000e8780000,0x00000000e8f2e6a8,0x00000000e8f80000)
  to   space 10240K, 0% used [0x00000000e7b80000,0x00000000e7b80000,0x00000000e8580000)
 ParOldGen       total 39424K, used 10827K [0x00000000a0000000, 0x00000000a2680000, 0x00000000e0000000)
  object space 39424K, 27% used [0x00000000a0000000,0x00000000a0a92ee8,0x00000000a2680000)
 Metaspace       used 33955K, capacity 34666K, committed 34944K, reserved 1079296K
  class space    used 4681K, capacity 4876K, committed 4992K, reserved 1048576K
Event: 6.919 GC heap after
Heap after GC invocations=10 (full 1):
 PSYoungGen      total 133120K, used 10229K [0x00000000e0000000, 0x00000000e8f00000, 0x0000000100000000)
  eden space 122880K, 0% used [0x00000000e0000000,0x00000000e0000000,0x00000000e7800000)
  from space 10240K, 99% used [0x00000000e7b80000,0x00000000e857d450,0x00000000e8580000)
  to   space 9728K, 0% used [0x00000000e8580000,0x00000000e8580000,0x00000000e8f00000)
 ParOldGen       total 39424K, used 11483K [0x00000000a0000000, 0x00000000a2680000, 0x00000000e0000000)
  object space 39424K, 29% used [0x00000000a0000000,0x00000000a0b36c40,0x00000000a2680000)
 Metaspace       used 33955K, capacity 34666K, committed 34944K, reserved 1079296K
  class space    used 4681K, capacity 4876K, committed 4992K, reserved 1048576K
}
Event: 8.801 GC heap before
{Heap before GC invocations=11 (full 1):
 PSYoungGen      total 133120K, used 32381K [0x00000000e0000000, 0x00000000e8f00000, 0x0000000100000000)
  eden space 122880K, 18% used [0x00000000e0000000,0x00000000e15a20f8,0x00000000e7800000)
  from space 10240K, 99% used [0x00000000e7b80000,0x00000000e857d450,0x00000000e8580000)
  to   space 9728K, 0% used [0x00000000e8580000,0x00000000e8580000,0x00000000e8f00000)
 ParOldGen       total 39424K, used 11483K [0x00000000a0000000, 0x00000000a2680000, 0x00000000e0000000)
  object space 39424K, 29% used [0x00000000a0000000,0x00000000a0b36c40,0x00000000a2680000)
 Metaspace       used 34686K, capacity 35402K, committed 35496K, reserved 1079296K
  class space    used 4788K, capacity 4994K, committed 5032K, reserved 1048576K
Event: 8.812 GC heap after
Heap after GC invocations=11 (full 1):
 PSYoungGen      total 133632K, used 8994K [0x00000000e0000000, 0x00000000eaf80000, 0x0000000100000000)
  eden space 123904K, 0% used [0x00000000e0000000,0x00000000e0000000,0x00000000e7900000)
  from space 9728K, 92% used [0x00000000e8580000,0x00000000e8e48b18,0x00000000e8f00000)
  to   space 12800K, 0% used [0x00000000e7900000,0x00000000e7900000,0x00000000e8580000)
 ParOldGen       total 39424K, used 11491K [0x00000000a0000000, 0x00000000a2680000, 0x00000000e0000000)
  object space 39424K, 29% used [0x00000000a0000000,0x00000000a0b38c40,0x00000000a2680000)
 Metaspace       used 34686K, capacity 35402K, committed 35496K, reserved 1079296K
  class space    used 4788K, capacity 4994K, committed 5032K, reserved 1048576K
}
Event: 8.812 GC heap before
{Heap before GC invocations=12 (full 2):
 PSYoungGen      total 133632K, used 8994K [0x00000000e0000000, 0x00000000eaf80000, 0x0000000100000000)
  eden space 123904K, 0% used [0x00000000e0000000,0x00000000e0000000,0x00000000e7900000)
  from space 9728K, 92% used [0x00000000e8580000,0x00000000e8e48b18,0x00000000e8f00000)
  to   space 12800K, 0% used [0x00000000e7900000,0x00000000e7900000,0x00000000e8580000)
 ParOldGen       total 39424K, used 11491K [0x00000000a0000000, 0x00000000a2680000, 0x00000000e0000000)
  object space 39424K, 29% used [0x00000000a0000000,0x00000000a0b38c40,0x00000000a2680000)
 Metaspace       used 34686K, capacity 35402K, committed 35496K, reserved 1079296K
  class space    used 4788K, capacity 4994K, committed 5032K, reserved 1048576K
Event: 8.912 GC heap after
Heap after GC invocations=12 (full 2):
 PSYoungGen      total 133632K, used 0K [0x00000000e0000000, 0x00000000eaf80000, 0x0000000100000000)
  eden space 123904K, 0% used [0x00000000e0000000,0x00000000e0000000,0x00000000e7900000)
  from space 9728K, 0% used [0x00000000e8580000,0x00000000e8580000,0x00000000e8f00000)
  to   space 12800K, 0% used [0x00000000e7900000,0x00000000e7900000,0x00000000e8580000)
 ParOldGen       total 59392K, used 15926K [0x00000000a0000000, 0x00000000a3a00000, 0x00000000e0000000)
  object space 59392K, 26% used [0x00000000a0000000,0x00000000a0f8daa8,0x00000000a3a00000)
 Metaspace       used 34686K, capacity 35402K, committed 35496K, reserved 1079296K
  class space    used 4788K, capacity 4994K, committed 5032K, reserved 1048576K
}
Event: 9.694 GC heap before
{Heap before GC invocations=13 (full 2):
 PSYoungGen      total 133632K, used 31311K [0x00000000e0000000, 0x00000000eaf80000, 0x0000000100000000)
  eden space 123904K, 25% used [0x00000000e0000000,0x00000000e1e93f00,0x00000000e7900000)
  from space 9728K, 0% used [0x00000000e8580000,0x00000000e8580000,0x00000000e8f00000)
  to   space 12800K, 0% used [0x00000000e7900000,0x00000000e7900000,0x00000000e8580000)
 ParOldGen       total 59392K, used 15926K [0x00000000a0000000, 0x00000000a3a00000, 0x00000000e0000000)
  object space 59392K, 26% used [0x00000000a0000000,0x00000000a0f8daa8,0x00000000a3a00000)
 Metaspace       used 39779K, capacity 40588K, committed 40744K, reserved 1089536K
  class space    used 5407K, capacity 5616K, committed 5672K, reserved 1048576K
Event: 9.699 GC heap after
Heap after GC invocations=13 (full 2):
 PSYoungGen      total 136704K, used 4801K [0x00000000e0000000, 0x00000000eaa80000, 0x0000000100000000)
  eden space 123904K, 0% used [0x00000000e0000000,0x00000000e0000000,0x00000000e7900000)
  from space 12800K, 37% used [0x00000000e7900000,0x00000000e7db07a8,0x00000000e8580000)
  to   space 12288K, 0% used [0x00000000e9e80000,0x00000000e9e80000,0x00000000eaa80000)
 ParOldGen       total 59392K, used 15934K [0x00000000a0000000, 0x00000000a3a00000, 0x00000000e0000000)
  object space 59392K, 26% used [0x00000000a0000000,0x00000000a0f8faa8,0x00000000a3a00000)
 Metaspace       used 39779K, capacity 40588K, committed 40744K, reserved 1089536K
  class space    used 5407K, capacity 5616K, committed 5672K, reserved 1048576K
}
Event: 9.699 GC heap before
{Heap before GC invocations=14 (full 3):
 PSYoungGen      total 136704K, used 4801K [0x00000000e0000000, 0x00000000eaa80000, 0x0000000100000000)
  eden space 123904K, 0% used [0x00000000e0000000,0x00000000e0000000,0x00000000e7900000)
  from space 12800K, 37% used [0x00000000e7900000,0x00000000e7db07a8,0x00000000e8580000)
  to   space 12288K, 0% used [0x00000000e9e80000,0x00000000e9e80000,0x00000000eaa80000)
 ParOldGen       total 59392K, used 15934K [0x00000000a0000000, 0x00000000a3a00000, 0x00000000e0000000)
  object space 59392K, 26% used [0x00000000a0000000,0x00000000a0f8faa8,0x00000000a3a00000)
 Metaspace       used 39779K, capacity 40588K, committed 40744K, reserved 1089536K
  class space    used 5407K, capacity 5616K, committed 5672K, reserved 1048576K
Event: 9.952 GC heap after
Heap after GC invocations=14 (full 3):
 PSYoungGen      total 136704K, used 0K [0x00000000e0000000, 0x00000000eaa80000, 0x0000000100000000)
  eden space 123904K, 0% used [0x00000000e0000000,0x00000000e0000000,0x00000000e7900000)
  from space 12800K, 0% used [0x00000000e7900000,0x00000000e7900000,0x00000000e8580000)
  to   space 12288K, 0% used [0x00000000e9e80000,0x00000000e9e80000,0x00000000eaa80000)
 ParOldGen       total 59392K, used 19539K [0x00000000a0000000, 0x00000000a3a00000, 0x00000000e0000000)
  object space 59392K, 32% used [0x00000000a0000000,0x00000000a1314ff0,0x00000000a3a00000)
 Metaspace       used 39779K, capacity 40588K, committed 40744K, reserved 1087488K
  class space    used 5407K, capacity 5616K, committed 5672K, reserved 1048576K
}

