# JRE version: OpenJDK Runtime Environment (8.0_202-b03) (build 1.8.0_202-release-1483-b03)
# Java VM: OpenJDK 64-Bit Server VM (25.202-b03 mixed mode windows-amd64 compressed oops)
Heap:
 PSYoungGen      total 153600K, used 136677K [0x00000000e0000000, 0x00000000ed400000, 0x0000000100000000)
  eden space 141824K, 88% used [0x00000000e0000000,0x00000000e79fbbf8,0x00000000e8a80000)
  from space 11776K, 99% used [0x00000000e8a80000,0x00000000e95fdb78,0x00000000e9600000)
  to   space 15872K, 0% used [0x00000000ec480000,0x00000000ec480000,0x00000000ed400000)
 ParOldGen       total 54272K, used 21630K [0x00000000a0000000, 0x00000000a3500000, 0x00000000e0000000)
  object space 54272K, 39% used [0x00000000a0000000,0x00000000a151fb40,0x00000000a3500000)
 Metaspace       used 56246K, capacity 57816K, committed 58112K, reserved 1099776K
  class space    used 7675K, capacity 8078K, committed 8192K, reserved 1048576K
GC Heap History (10 events):
Event: 5.194 GC heap before
{Heap before GC invocations=9 (full 1):
 PSYoungGen      total 71680K, used 64512K [0x00000000e0000000, 0x00000000e9100000, 0x0000000100000000)
  eden space 64512K, 100% used [0x00000000e0000000,0x00000000e3f00000,0x00000000e3f00000)
  from space 7168K, 0% used [0x00000000e3f00000,0x00000000e3f00000,0x00000000e4600000)
  to   space 9728K, 0% used [0x00000000e8780000,0x00000000e8780000,0x00000000e9100000)
 ParOldGen       total 37376K, used 10803K [0x00000000a0000000, 0x00000000a2480000, 0x00000000e0000000)
  object space 37376K, 28% used [0x00000000a0000000,0x00000000a0a8cd20,0x00000000a2480000)
 Metaspace       used 28921K, capacity 29486K, committed 29824K, reserved 1075200K
  class space    used 3910K, capacity 4100K, committed 4224K, reserved 1048576K
Event: 5.224 GC heap after
Heap after GC invocations=9 (full 1):
 PSYoungGen      total 112640K, used 7873K [0x00000000e0000000, 0x00000000e8f80000, 0x0000000100000000)
  eden space 104448K, 0% used [0x00000000e0000000,0x00000000e0000000,0x00000000e6600000)
  from space 8192K, 96% used [0x00000000e8780000,0x00000000e8f306e0,0x00000000e8f80000)
  to   space 10240K, 0% used [0x00000000e7b80000,0x00000000e7b80000,0x00000000e8580000)
 ParOldGen       total 37376K, used 10811K [0x00000000a0000000, 0x00000000a2480000, 0x00000000e0000000)
  object space 37376K, 28% used [0x00000000a0000000,0x00000000a0a8ed20,0x00000000a2480000)
 Metaspace       used 28921K, capacity 29486K, committed 29824K, reserved 1075200K
  class space    used 3910K, capacity 4100K, committed 4224K, reserved 1048576K
}
Event: 8.433 GC heap before
{Heap before GC invocations=10 (full 1):
 PSYoungGen      total 112640K, used 112321K [0x00000000e0000000, 0x00000000e8f80000, 0x0000000100000000)
  eden space 104448K, 100% used [0x00000000e0000000,0x00000000e6600000,0x00000000e6600000)
  from space 8192K, 96% used [0x00000000e8780000,0x00000000e8f306e0,0x00000000e8f80000)
  to   space 10240K, 0% used [0x00000000e7b80000,0x00000000e7b80000,0x00000000e8580000)
 ParOldGen       total 37376K, used 10811K [0x00000000a0000000, 0x00000000a2480000, 0x00000000e0000000)
  object space 37376K, 28% used [0x00000000a0000000,0x00000000a0a8ed20,0x00000000a2480000)
 Metaspace       used 34171K, capacity 34870K, committed 35200K, reserved 1079296K
  class space    used 4700K, capacity 4880K, committed 4992K, reserved 1048576K
Event: 8.469 GC heap after
Heap after GC invocations=10 (full 1):
 PSYoungGen      total 136704K, used 10214K [0x00000000e0000000, 0x00000000ea200000, 0x0000000100000000)
  eden space 126464K, 0% used [0x00000000e0000000,0x00000000e0000000,0x00000000e7b80000)
  from space 10240K, 99% used [0x00000000e7b80000,0x00000000e8579928,0x00000000e8580000)
  to   space 12288K, 0% used [0x00000000e9600000,0x00000000e9600000,0x00000000ea200000)
 ParOldGen       total 37376K, used 12583K [0x00000000a0000000, 0x00000000a2480000, 0x00000000e0000000)
  object space 37376K, 33% used [0x00000000a0000000,0x00000000a0c49e98,0x00000000a2480000)
 Metaspace       used 34171K, capacity 34870K, committed 35200K, reserved 1079296K
  class space    used 4700K, capacity 4880K, committed 4992K, reserved 1048576K
}
Event: 12.904 GC heap before
{Heap before GC invocations=11 (full 1):
 PSYoungGen      total 136704K, used 24426K [0x00000000e0000000, 0x00000000ea200000, 0x0000000100000000)
  eden space 126464K, 11% used [0x00000000e0000000,0x00000000e0de0fb0,0x00000000e7b80000)
  from space 10240K, 99% used [0x00000000e7b80000,0x00000000e8579928,0x00000000e8580000)
  to   space 12288K, 0% used [0x00000000e9600000,0x00000000e9600000,0x00000000ea200000)
 ParOldGen       total 37376K, used 12583K [0x00000000a0000000, 0x00000000a2480000, 0x00000000e0000000)
  object space 37376K, 33% used [0x00000000a0000000,0x00000000a0c49e98,0x00000000a2480000)
 Metaspace       used 34643K, capacity 35386K, committed 35456K, reserved 1079296K
  class space    used 4782K, capacity 4986K, committed 4992K, reserved 1048576K
Event: 12.917 GC heap after
Heap after GC invocations=11 (full 1):
 PSYoungGen      total 154112K, used 5440K [0x00000000e0000000, 0x00000000eba00000, 0x0000000100000000)
  eden space 141824K, 0% used [0x00000000e0000000,0x00000000e0000000,0x00000000e8a80000)
  from space 12288K, 44% used [0x00000000e9600000,0x00000000e9b50000,0x00000000ea200000)
  to   space 11776K, 0% used [0x00000000e8a80000,0x00000000e8a80000,0x00000000e9600000)
 ParOldGen       total 37376K, used 15779K [0x00000000a0000000, 0x00000000a2480000, 0x00000000e0000000)
  object space 37376K, 42% used [0x00000000a0000000,0x00000000a0f68eb8,0x00000000a2480000)
 Metaspace       used 34643K, capacity 35386K, committed 35456K, reserved 1079296K
  class space    used 4782K, capacity 4986K, committed 4992K, reserved 1048576K
}
Event: 12.917 GC heap before
{Heap before GC invocations=12 (full 2):
 PSYoungGen      total 154112K, used 5440K [0x00000000e0000000, 0x00000000eba00000, 0x0000000100000000)
  eden space 141824K, 0% used [0x00000000e0000000,0x00000000e0000000,0x00000000e8a80000)
  from space 12288K, 44% used [0x00000000e9600000,0x00000000e9b50000,0x00000000ea200000)
  to   space 11776K, 0% used [0x00000000e8a80000,0x00000000e8a80000,0x00000000e9600000)
 ParOldGen       total 37376K, used 15779K [0x00000000a0000000, 0x00000000a2480000, 0x00000000e0000000)
  object space 37376K, 42% used [0x00000000a0000000,0x00000000a0f68eb8,0x00000000a2480000)
 Metaspace       used 34643K, capacity 35386K, committed 35456K, reserved 1079296K
  class space    used 4782K, capacity 4986K, committed 4992K, reserved 1048576K
Event: 13.028 GC heap after
Heap after GC invocations=12 (full 2):
 PSYoungGen      total 154112K, used 0K [0x00000000e0000000, 0x00000000eba00000, 0x0000000100000000)
  eden space 141824K, 0% used [0x00000000e0000000,0x00000000e0000000,0x00000000e8a80000)
  from space 12288K, 0% used [0x00000000e9600000,0x00000000e9600000,0x00000000ea200000)
  to   space 11776K, 0% used [0x00000000e8a80000,0x00000000e8a80000,0x00000000e9600000)
 ParOldGen       total 54272K, used 15541K [0x00000000a0000000, 0x00000000a3500000, 0x00000000e0000000)
  object space 54272K, 28% used [0x00000000a0000000,0x00000000a0f2d4e0,0x00000000a3500000)
 Metaspace       used 34643K, capacity 35386K, committed 35456K, reserved 1079296K
  class space    used 4782K, capacity 4986K, committed 4992K, reserved 1048576K
}
Event: 16.938 GC heap before
{Heap before GC invocations=13 (full 2):
 PSYoungGen      total 154112K, used 141824K [0x00000000e0000000, 0x00000000eba00000, 0x0000000100000000)
  eden space 141824K, 100% used [0x00000000e0000000,0x00000000e8a80000,0x00000000e8a80000)
  from space 12288K, 0% used [0x00000000e9600000,0x00000000e9600000,0x00000000ea200000)
  to   space 11776K, 0% used [0x00000000e8a80000,0x00000000e8a80000,0x00000000e9600000)
 ParOldGen       total 54272K, used 15541K [0x00000000a0000000, 0x00000000a3500000, 0x00000000e0000000)
  object space 54272K, 28% used [0x00000000a0000000,0x00000000a0f2d4e0,0x00000000a3500000)
 Metaspace       used 47874K, capacity 49122K, committed 49280K, reserved 1091584K
  class space    used 6451K, capacity 6772K, committed 6784K, reserved 1048576K
Event: 16.975 GC heap after
Heap after GC invocations=13 (full 2):
 PSYoungGen      total 153600K, used 11766K [0x00000000e0000000, 0x00000000ed400000, 0x0000000100000000)
  eden space 141824K, 0% used [0x00000000e0000000,0x00000000e0000000,0x00000000e8a80000)
  from space 11776K, 99% used [0x00000000e8a80000,0x00000000e95fdb78,0x00000000e9600000)
  to   space 15872K, 0% used [0x00000000ec480000,0x00000000ec480000,0x00000000ed400000)
 ParOldGen       total 54272K, used 21630K [0x00000000a0000000, 0x00000000a3500000, 0x00000000e0000000)
  object space 54272K, 39% used [0x00000000a0000000,0x00000000a151fb40,0x00000000a3500000)
 Metaspace       used 47874K, capacity 49122K, committed 49280K, reserved 1091584K
  class space    used 6451K, capacity 6772K, committed 6784K, reserved 1048576K
}

