# JRE version: OpenJDK Runtime Environment (8.0_202-b03) (build 1.8.0_202-release-1483-b03)
# Java VM: OpenJDK 64-Bit Server VM (25.202-b03 mixed mode windows-amd64 compressed oops)
Heap:
 PSYoungGen      total 218112K, used 136260K [0x00000000e0000000, 0x00000000ef580000, 0x0000000100000000)
  eden space 196608K, 58% used [0x00000000e0000000,0x00000000e7013b48,0x00000000ec000000)
  from space 21504K, 99% used [0x00000000eda80000,0x00000000eef7d510,0x00000000eef80000)
  to   space 27136K, 0% used [0x00000000ec000000,0x00000000ec000000,0x00000000eda80000)
 ParOldGen       total 95744K, used 41149K [0x00000000a0000000, 0x00000000a5d80000, 0x00000000e0000000)
  object space 95744K, 42% used [0x00000000a0000000,0x00000000a282f510,0x00000000a5d80000)
 Metaspace       used 72063K, capacity 75336K, committed 75480K, reserved 1114112K
  class space    used 9563K, capacity 10206K, committed 10240K, reserved 1048576K
GC Heap History (10 events):
Event: 17.224 GC heap before
{Heap before GC invocations=15 (full 2):
 PSYoungGen      total 164864K, used 71879K [0x00000000e0000000, 0x00000000eb280000, 0x0000000100000000)
  eden space 148992K, 39% used [0x00000000e0000000,0x00000000e39d6670,0x00000000e9180000)
  from space 15872K, 79% used [0x00000000ea300000,0x00000000eaf5b5c0,0x00000000eb280000)
  to   space 16896K, 0% used [0x00000000e9180000,0x00000000e9180000,0x00000000ea200000)
 ParOldGen       total 58880K, used 27319K [0x00000000a0000000, 0x00000000a3980000, 0x00000000e0000000)
  object space 58880K, 46% used [0x00000000a0000000,0x00000000a1aade48,0x00000000a3980000)
 Metaspace       used 56825K, capacity 58918K, committed 59096K, reserved 1099776K
  class space    used 7776K, capacity 8191K, committed 8192K, reserved 1048576K
Event: 17.246 GC heap after
Heap after GC invocations=15 (full 2):
 PSYoungGen      total 165888K, used 11589K [0x00000000e0000000, 0x00000000ed280000, 0x0000000100000000)
  eden space 148992K, 0% used [0x00000000e0000000,0x00000000e0000000,0x00000000e9180000)
  from space 16896K, 68% used [0x00000000e9180000,0x00000000e9cd1408,0x00000000ea200000)
  to   space 17408K, 0% used [0x00000000ec180000,0x00000000ec180000,0x00000000ed280000)
 ParOldGen       total 58880K, used 27391K [0x00000000a0000000, 0x00000000a3980000, 0x00000000e0000000)
  object space 58880K, 46% used [0x00000000a0000000,0x00000000a1abfe58,0x00000000a3980000)
 Metaspace       used 56825K, capacity 58918K, committed 59096K, reserved 1099776K
  class space    used 7776K, capacity 8191K, committed 8192K, reserved 1048576K
}
Event: 17.246 GC heap before
{Heap before GC invocations=16 (full 3):
 PSYoungGen      total 165888K, used 11589K [0x00000000e0000000, 0x00000000ed280000, 0x0000000100000000)
  eden space 148992K, 0% used [0x00000000e0000000,0x00000000e0000000,0x00000000e9180000)
  from space 16896K, 68% used [0x00000000e9180000,0x00000000e9cd1408,0x00000000ea200000)
  to   space 17408K, 0% used [0x00000000ec180000,0x00000000ec180000,0x00000000ed280000)
 ParOldGen       total 58880K, used 27391K [0x00000000a0000000, 0x00000000a3980000, 0x00000000e0000000)
  object space 58880K, 46% used [0x00000000a0000000,0x00000000a1abfe58,0x00000000a3980000)
 Metaspace       used 56825K, capacity 58918K, committed 59096K, reserved 1099776K
  class space    used 7776K, capacity 8191K, committed 8192K, reserved 1048576K
Event: 17.570 GC heap after
Heap after GC invocations=16 (full 3):
 PSYoungGen      total 165888K, used 0K [0x00000000e0000000, 0x00000000ed280000, 0x0000000100000000)
  eden space 148992K, 0% used [0x00000000e0000000,0x00000000e0000000,0x00000000e9180000)
  from space 16896K, 0% used [0x00000000e9180000,0x00000000e9180000,0x00000000ea200000)
  to   space 17408K, 0% used [0x00000000ec180000,0x00000000ec180000,0x00000000ed280000)
 ParOldGen       total 95744K, used 34074K [0x00000000a0000000, 0x00000000a5d80000, 0x00000000e0000000)
  object space 95744K, 35% used [0x00000000a0000000,0x00000000a21468a8,0x00000000a5d80000)
 Metaspace       used 56809K, capacity 58864K, committed 59096K, reserved 1099776K
  class space    used 7771K, capacity 8182K, committed 8192K, reserved 1048576K
}
Event: 20.803 GC heap before
{Heap before GC invocations=17 (full 3):
 PSYoungGen      total 165888K, used 148992K [0x00000000e0000000, 0x00000000ed280000, 0x0000000100000000)
  eden space 148992K, 100% used [0x00000000e0000000,0x00000000e9180000,0x00000000e9180000)
  from space 16896K, 0% used [0x00000000e9180000,0x00000000e9180000,0x00000000ea200000)
  to   space 17408K, 0% used [0x00000000ec180000,0x00000000ec180000,0x00000000ed280000)
 ParOldGen       total 95744K, used 34074K [0x00000000a0000000, 0x00000000a5d80000, 0x00000000e0000000)
  object space 95744K, 35% used [0x00000000a0000000,0x00000000a21468a8,0x00000000a5d80000)
 Metaspace       used 64182K, capacity 66650K, committed 67032K, reserved 1107968K
  class space    used 8815K, capacity 9345K, committed 9472K, reserved 1048576K
Event: 20.826 GC heap after
Heap after GC invocations=17 (full 3):
 PSYoungGen      total 188928K, used 13005K [0x00000000e0000000, 0x00000000ecf00000, 0x0000000100000000)
  eden space 175104K, 0% used [0x00000000e0000000,0x00000000e0000000,0x00000000eab00000)
  from space 13824K, 94% used [0x00000000ec180000,0x00000000ece33548,0x00000000ecf00000)
  to   space 18432K, 0% used [0x00000000eab00000,0x00000000eab00000,0x00000000ebd00000)
 ParOldGen       total 95744K, used 34082K [0x00000000a0000000, 0x00000000a5d80000, 0x00000000e0000000)
  object space 95744K, 35% used [0x00000000a0000000,0x00000000a21488a8,0x00000000a5d80000)
 Metaspace       used 64182K, capacity 66650K, committed 67032K, reserved 1107968K
  class space    used 8815K, capacity 9345K, committed 9472K, reserved 1048576K
}
Event: 36.052 GC heap before
{Heap before GC invocations=18 (full 3):
 PSYoungGen      total 188928K, used 188109K [0x00000000e0000000, 0x00000000ecf00000, 0x0000000100000000)
  eden space 175104K, 100% used [0x00000000e0000000,0x00000000eab00000,0x00000000eab00000)
  from space 13824K, 94% used [0x00000000ec180000,0x00000000ece33548,0x00000000ecf00000)
  to   space 18432K, 0% used [0x00000000eab00000,0x00000000eab00000,0x00000000ebd00000)
 ParOldGen       total 95744K, used 34082K [0x00000000a0000000, 0x00000000a5d80000, 0x00000000e0000000)
  object space 95744K, 35% used [0x00000000a0000000,0x00000000a21488a8,0x00000000a5d80000)
 Metaspace       used 67062K, capacity 69814K, committed 70104K, reserved 1110016K
  class space    used 9107K, capacity 9693K, committed 9728K, reserved 1048576K
Event: 36.107 GC heap after
Heap after GC invocations=18 (full 3):
 PSYoungGen      total 193536K, used 18421K [0x00000000e0000000, 0x00000000eef80000, 0x0000000100000000)
  eden space 175104K, 0% used [0x00000000e0000000,0x00000000e0000000,0x00000000eab00000)
  from space 18432K, 99% used [0x00000000eab00000,0x00000000ebcfd510,0x00000000ebd00000)
  to   space 21504K, 0% used [0x00000000eda80000,0x00000000eda80000,0x00000000eef80000)
 ParOldGen       total 95744K, used 34585K [0x00000000a0000000, 0x00000000a5d80000, 0x00000000e0000000)
  object space 95744K, 36% used [0x00000000a0000000,0x00000000a21c67c0,0x00000000a5d80000)
 Metaspace       used 67062K, capacity 69814K, committed 70104K, reserved 1110016K
  class space    used 9107K, capacity 9693K, committed 9728K, reserved 1048576K
}
Event: 125.328 GC heap before
{Heap before GC invocations=19 (full 3):
 PSYoungGen      total 193536K, used 193525K [0x00000000e0000000, 0x00000000eef80000, 0x0000000100000000)
  eden space 175104K, 100% used [0x00000000e0000000,0x00000000eab00000,0x00000000eab00000)
  from space 18432K, 99% used [0x00000000eab00000,0x00000000ebcfd510,0x00000000ebd00000)
  to   space 21504K, 0% used [0x00000000eda80000,0x00000000eda80000,0x00000000eef80000)
 ParOldGen       total 95744K, used 34585K [0x00000000a0000000, 0x00000000a5d80000, 0x00000000e0000000)
  object space 95744K, 36% used [0x00000000a0000000,0x00000000a21c67c0,0x00000000a5d80000)
 Metaspace       used 71674K, capacity 74732K, committed 74968K, reserved 1114112K
  class space    used 9534K, capacity 10167K, committed 10240K, reserved 1048576K
Event: 125.376 GC heap after
Heap after GC invocations=19 (full 3):
 PSYoungGen      total 218112K, used 21493K [0x00000000e0000000, 0x00000000ef580000, 0x0000000100000000)
  eden space 196608K, 0% used [0x00000000e0000000,0x00000000e0000000,0x00000000ec000000)
  from space 21504K, 99% used [0x00000000eda80000,0x00000000eef7d510,0x00000000eef80000)
  to   space 27136K, 0% used [0x00000000ec000000,0x00000000ec000000,0x00000000eda80000)
 ParOldGen       total 95744K, used 41149K [0x00000000a0000000, 0x00000000a5d80000, 0x00000000e0000000)
  object space 95744K, 42% used [0x00000000a0000000,0x00000000a282f510,0x00000000a5d80000)
 Metaspace       used 71674K, capacity 74732K, committed 74968K, reserved 1114112K
  class space    used 9534K, capacity 10167K, committed 10240K, reserved 1048576K
}

